2019-04-14 09:59:38,247: INFO: Server Started on port :3091
2019-04-14 10:01:34,593: INFO: Server Started on port :3091
2019-04-14 10:01:41,928: INFO: GET received from ('127.0.0.1', 53105)
2019-04-14 10:01:41,932: INFO: search for 835+turk+street+san+francisco
2019-04-14 10:01:41,933: INFO: Calling Here service
2019-04-14 10:01:42,269: INFO: Status= 200, lat=37.78141, lng=-122.42291
2019-04-14 10:09:00,863: INFO: Server Started on port :3091
2019-04-14 10:09:00,864: CRITICAL: Server Start error - type object 'datetime.datetime' has no attribute 'datetime'
2019-04-14 10:09:15,322: INFO: Server Started on port :3091
2019-04-14 10:09:28,206: INFO: Server Started on port :3091
2019-04-14 10:09:59,441: INFO: Server Started on port :3091
2019-04-14 10:10:30,667: INFO: GET received from ('127.0.0.1', 53230)
2019-04-14 10:10:30,671: INFO: search for 835+turk+street+san+francisco
2019-04-14 10:10:30,672: INFO: Calling Here service
2019-04-14 10:10:31,057: INFO: Status= 200, lat=37.78141, lng=-122.42291
2019-04-14 10:16:11,265: INFO: Server Started on port :3091
2019-04-14 10:16:20,158: INFO: GET received from ('127.0.0.1', 53342)
2019-04-14 10:16:20,183: INFO: search for 835+turk+street+san+francisco
2019-04-14 10:16:20,184: INFO: Calling Here service
2019-04-14 10:16:20,445: INFO: Status= 200, lat=37.78141, lng=-122.42291
2019-04-14 10:16:50,671: INFO: GET received from ('127.0.0.1', 53346)
2019-04-14 10:16:50,672: INFO: search for 835+turk+street+san+francisco
2019-04-14 10:16:50,672: INFO: Calling Here service
2019-04-14 10:16:50,873: INFO: Status= 200, lat=37.78141, lng=-122.42291
